23:21:39.356 [main] INFO  api.test.UserTest - ************** Createing User Info ******************
23:21:41.993 [main] INFO  api.test.UserTest - ************** Created User Info ******************
23:21:42.011 [main] INFO  api.test.UserTest - ************** Reading User Info *****************
23:21:44.214 [main] INFO  api.test.UserTest - **************User Info is displayed ******************
23:21:44.216 [main] INFO  api.test.UserTest - ********************* Updateing User Info ****************
23:21:47.666 [main] INFO  api.test.UserTest - ************** Updated User Info ******************
23:21:47.669 [main] INFO  api.test.UserTest - **************** Deleteing User Info ********************
23:21:49.733 [main] INFO  api.test.UserTest - ************** Deleted User Info ******************
23:14:44.326 [main] INFO  api.test.UserTest - ************** Createing User Info ******************
23:14:47.834 [main] INFO  api.test.UserTest - ************** Created User Info ******************
23:14:47.858 [main] INFO  api.test.UserTest - ************** Reading User Info *****************
23:14:49.464 [main] INFO  api.test.UserTest - **************User Info is displayed ******************
23:14:49.470 [main] INFO  api.test.UserTest - ********************* Updateing User Info ****************
23:14:52.656 [main] INFO  api.test.UserTest - ************** Updated User Info ******************
23:14:52.661 [main] INFO  api.test.UserTest - **************** Deleteing User Info ********************
23:14:54.022 [main] INFO  api.test.UserTest - ************** Deleted User Info ******************
23:38:35.663 [main] INFO  api.test.UserTest - ************** Createing User Info ******************
23:38:38.809 [main] INFO  api.test.UserTest - ************** Created User Info ******************
23:38:38.824 [main] INFO  api.test.UserTest - ************** Reading User Info *****************
23:38:40.524 [main] INFO  api.test.UserTest - **************User Info is displayed ******************
23:38:40.526 [main] INFO  api.test.UserTest - ********************* Updateing User Info ****************
23:38:43.557 [main] INFO  api.test.UserTest - ************** Updated User Info ******************
23:38:43.560 [main] INFO  api.test.UserTest - **************** Deleteing User Info ********************
23:38:45.158 [main] INFO  api.test.UserTest - ************** Deleted User Info ******************
11:58:11.604 [main] INFO  api.test.UserTest - ************** Createing User Info ******************
11:58:14.243 [main] INFO  api.test.UserTest - ************** Created User Info ******************
11:58:14.260 [main] INFO  api.test.UserTest - ************** Reading User Info *****************
11:58:15.403 [main] INFO  api.test.UserTest - **************User Info is displayed ******************
11:58:15.404 [main] INFO  api.test.UserTest - ********************* Updateing User Info ****************
11:58:17.679 [main] INFO  api.test.UserTest - ************** Updated User Info ******************
11:58:17.682 [main] INFO  api.test.UserTest - **************** Deleteing User Info ********************
11:58:18.844 [main] INFO  api.test.UserTest - ************** Deleted User Info ******************
